<?xml version="1.0" encoding="UTF-8"?>
<testsuite xmlns:xsi="http://www.w3.org/2001/XMLSchema-instance" xsi:noNamespaceSchemaLocation="https://maven.apache.org/surefire/maven-surefire-plugin/xsd/surefire-test-report.xsd" name="fr.lernejo.SampleTest" time="0.096" tests="2" errors="0" skipped="0" failures="0">
  <properties>
[...]
</properties>
  <testcase name="op" classname="fr.lernejo.SampleTest" time="0.051"/>
  <testcase name="fact" classname="fr.lernejo.SampleTest" time="0.002"/>
</testsuite>